<?xml version="1.0" encoding="UTF-8"?>
<testsuite xmlns:xsi="http://www.w3.org/2001/XMLSchema-instance" xsi:noNamespaceSchemaLocation="https://maven.apache.org/surefire/maven-surefire-plugin/xsd/surefire-test-report-3.0.xsd" version="3.0" name="com.shubham.MovieWatchlistAppApplicationTests" time="4.478" tests="1" errors="0" skipped="0" failures="0">
  <properties>
[...]
</properties>
  <testcase name="contextLoads" classname="com.shubham.MovieWatchlistAppApplicationTests" time="0.508">
    <system-out><![CDATA[09:59:38.761 [main] INFO org.springframework.test.context.support.AnnotationConfigContextLoaderUtils -- Could not detect default configuration classes for test class [com.shubham.MovieWatchlistAppApplicationTests]: MovieWatchlistAppApplicationTests does not declare any static, non-private, non-final, nested classes annotated with @Configuration.
09:59:38.849 [main] INFO org.springframework.boot.test.context.SpringBootTestContextBootstrapper -- Found @SpringBootConfiguration com.shubham.MovieWatchlistAppApplication for test class com.shubham.MovieWatchlistAppApplicationTests

  .   ____          _            __ _ _
 /\\ / ___'_ __ _ _(_)_ __  __ _ \ \ \ \
( ( )\___ | '_ | '_| | '_ \/ _` | \ \ \ \
 \\/  ___)| |_)| | | | | || (_| |  ) ) ) )
  '  |____| .__|_| |_|_| |_\__, | / / / /
 =========|_|==============|___/=/_/_/_/
 :: Spring Boot ::                (v3.1.3)

2025-02-23T09:59:39.187+05:30  INFO 18996 --- [           main] c.s.MovieWatchlistAppApplicationTests    : Starting MovieWatchlistAppApplicationTests using Java 17.0.13 with PID 18996 (started by subbu(11 in C:\Users\subra\Desktop\Cinenest)
2025-02-23T09:59:39.189+05:30  INFO 18996 --- [           main] c.s.MovieWatchlistAppApplicationTests    : No active profile set, falling back to 1 default profile: "default"
2025-02-23T09:59:39.836+05:30  INFO 18996 --- [           main] .s.d.r.c.RepositoryConfigurationDelegate : Bootstrapping Spring Data JPA repositories in DEFAULT mode.
2025-02-23T09:59:39.898+05:30  INFO 18996 --- [           main] .s.d.r.c.RepositoryConfigurationDelegate : Finished Spring Data repository scanning in 45 ms. Found 1 JPA repository interfaces.
2025-02-23T09:59:40.274+05:30  INFO 18996 --- [           main] o.hibernate.jpa.internal.util.LogHelper  : HHH000204: Processing PersistenceUnitInfo [name: default]
2025-02-23T09:59:40.333+05:30  INFO 18996 --- [           main] org.hibernate.Version                    : HHH000412: Hibernate ORM core version 6.2.7.Final
2025-02-23T09:59:40.335+05:30  INFO 18996 --- [           main] org.hibernate.cfg.Environment            : HHH000406: Using bytecode reflection optimizer
2025-02-23T09:59:40.519+05:30  INFO 18996 --- [           main] o.h.b.i.BytecodeProviderInitiator        : HHH000021: Bytecode provider name : bytebuddy
2025-02-23T09:59:40.672+05:30  INFO 18996 --- [           main] o.s.o.j.p.SpringPersistenceUnitInfo      : No LoadTimeWeaver setup: ignoring JPA class transformer
2025-02-23T09:59:40.688+05:30  INFO 18996 --- [           main] com.zaxxer.hikari.HikariDataSource       : HikariPool-1 - Starting...
2025-02-23T09:59:40.981+05:30  INFO 18996 --- [           main] com.zaxxer.hikari.pool.HikariPool        : HikariPool-1 - Added connection com.mysql.cj.jdbc.ConnectionImpl@ca546a1
2025-02-23T09:59:40.984+05:30  INFO 18996 --- [           main] com.zaxxer.hikari.HikariDataSource       : HikariPool-1 - Start completed.
2025-02-23T09:59:41.211+05:30  INFO 18996 --- [           main] o.h.b.i.BytecodeProviderInitiator        : HHH000021: Bytecode provider name : bytebuddy
2025-02-23T09:59:41.770+05:30  INFO 18996 --- [           main] o.h.e.t.j.p.i.JtaPlatformInitiator       : HHH000490: Using JtaPlatform implementation: [org.hibernate.engine.transaction.jta.platform.internal.NoJtaPlatform]
Hibernate: alter table movie modify column rating  float(23) not null
2025-02-23T09:59:41.820+05:30  INFO 18996 --- [           main] j.LocalContainerEntityManagerFactoryBean : Initialized JPA EntityManagerFactory for persistence unit 'default'
2025-02-23T09:59:42.215+05:30  WARN 18996 --- [           main] JpaBaseConfiguration$JpaWebConfiguration : spring.jpa.open-in-view is enabled by default. Therefore, database queries may be performed during view rendering. Explicitly configure spring.jpa.open-in-view to disable this warning
2025-02-23T09:59:42.393+05:30  INFO 18996 --- [           main] o.s.b.a.w.s.WelcomePageHandlerMapping    : Adding welcome page template: index
2025-02-23T09:59:42.572+05:30  INFO 18996 --- [           main] c.s.MovieWatchlistAppApplicationTests    : Started MovieWatchlistAppApplicationTests in 3.595 seconds (process running for 4.362)
]]></system-out>
  </testcase>
</testsuite>